# JRE version: OpenJDK Runtime Environment (8.0_222-b10) (build 1.8.0_222-8u222-b10-1ubuntu1~18.04.1-b10)
# Java VM: OpenJDK 64-Bit Server VM (25.222-b10 mixed mode linux-amd64 )
Heap:
 def new generation   total 695744K, used 71744K [0x00007fb838c00000, 0x00007fb867ee0000, 0x00007fbbf8c00000)
  eden space 618496K,  11% used [0x00007fb838c00000, 0x00007fb83d2102e0, 0x00007fb85e800000)
  from space 77248K,   0% used [0x00007fb863370000, 0x00007fb863370000, 0x00007fb867ee0000)
  to   space 77248K,   0% used [0x00007fb85e800000, 0x00007fb85e800000, 0x00007fb863370000)
 tenured generation   total 1810696K, used 1810695K [0x00007fbbf8c00000, 0x00007fbc67442000, 0x00007fc378c00000)
   the space 1810696K,  99% used [0x00007fbbf8c00000, 0x00007fbc67441fe8, 0x00007fbc67442000, 0x00007fbc67442000)
 Metaspace       used 69794K, capacity 70359K, committed 70400K, reserved 71680K
GC Heap History (10 events):
Event: 42.150 GC heap after
Heap after GC invocations=68 (full 10):
 def new generation   total 394304K, used 43775K [0x00007fb838c00000, 0x00007fb8537d0000, 0x00007fbbf8c00000)
  eden space 350528K,   0% used [0x00007fb838c00000, 0x00007fb838c00000, 0x00007fb84e250000)
  from space 43776K,  99% used [0x00007fb84e250000, 0x00007fb850d0fff0, 0x00007fb850d10000)
  to   space 43776K,   0% used [0x00007fb850d10000, 0x00007fb850d10000, 0x00007fb8537d0000)
 tenured generation   total 876100K, used 733133K [0x00007fbbf8c00000, 0x00007fbc2e391000, 0x00007fc378c00000)
   the space 876100K,  83% used [0x00007fbbf8c00000, 0x00007fbc257f3598, 0x00007fbc257f3600, 0x00007fbc2e391000)
 Metaspace       used 69746K, capacity 70295K, committed 70400K, reserved 71680K
}
Event: 42.310 GC heap before
{Heap before GC invocations=68 (full 10):
 def new generation   total 394304K, used 394303K [0x00007fb838c00000, 0x00007fb8537d0000, 0x00007fbbf8c00000)
  eden space 350528K, 100% used [0x00007fb838c00000, 0x00007fb84e250000, 0x00007fb84e250000)
  from space 43776K,  99% used [0x00007fb84e250000, 0x00007fb850d0fff0, 0x00007fb850d10000)
  to   space 43776K,   0% used [0x00007fb850d10000, 0x00007fb850d10000, 0x00007fb8537d0000)
 tenured generation   total 876100K, used 733133K [0x00007fbbf8c00000, 0x00007fbc2e391000, 0x00007fc378c00000)
   the space 876100K,  83% used [0x00007fbbf8c00000, 0x00007fbc257f3598, 0x00007fbc257f3600, 0x00007fbc2e391000)
 Metaspace       used 69746K, capacity 70295K, committed 70400K, reserved 71680K
Event: 42.725 GC heap after
Heap after GC invocations=69 (full 10):
 def new generation   total 394304K, used 43776K [0x00007fb838c00000, 0x00007fb8537d0000, 0x00007fbbf8c00000)
  eden space 350528K,   0% used [0x00007fb838c00000, 0x00007fb838c00000, 0x00007fb84e250000)
  from space 43776K, 100% used [0x00007fb850d10000, 0x00007fb8537d0000, 0x00007fb8537d0000)
  to   space 43776K,   0% used [0x00007fb84e250000, 0x00007fb84e250000, 0x00007fb850d10000)
 tenured generation   total 876100K, used 830330K [0x00007fbbf8c00000, 0x00007fbc2e391000, 0x00007fc378c00000)
   the space 876100K,  94% used [0x00007fbbf8c00000, 0x00007fbc2b6dea50, 0x00007fbc2b6dec00, 0x00007fbc2e391000)
 Metaspace       used 69746K, capacity 70295K, committed 70400K, reserved 71680K
}
Event: 42.918 GC heap before
{Heap before GC invocations=69 (full 10):
 def new generation   total 394304K, used 394304K [0x00007fb838c00000, 0x00007fb8537d0000, 0x00007fbbf8c00000)
  eden space 350528K, 100% used [0x00007fb838c00000, 0x00007fb84e250000, 0x00007fb84e250000)
  from space 43776K, 100% used [0x00007fb850d10000, 0x00007fb8537d0000, 0x00007fb8537d0000)
  to   space 43776K,   0% used [0x00007fb84e250000, 0x00007fb84e250000, 0x00007fb850d10000)
 tenured generation   total 876100K, used 830330K [0x00007fbbf8c00000, 0x00007fbc2e391000, 0x00007fc378c00000)
   the space 876100K,  94% used [0x00007fbbf8c00000, 0x00007fbc2b6dea50, 0x00007fbc2b6dec00, 0x00007fbc2e391000)
 Metaspace       used 69747K, capacity 70295K, committed 70400K, reserved 71680K
Event: 45.003 GC heap after
Heap after GC invocations=70 (full 11):
 def new generation   total 695744K, used 43760K [0x00007fb838c00000, 0x00007fb867ee0000, 0x00007fbbf8c00000)
  eden space 618496K,   7% used [0x00007fb838c00000, 0x00007fb83b6bc3f8, 0x00007fb85e800000)
  from space 77248K,   0% used [0x00007fb85e800000, 0x00007fb85e800000, 0x00007fb863370000)
  to   space 77248K,   0% used [0x00007fb863370000, 0x00007fb863370000, 0x00007fb867ee0000)
 tenured generation   total 1545928K, used 927555K [0x00007fbbf8c00000, 0x00007fbc571b2000, 0x00007fc378c00000)
   the space 1545928K,  59% used [0x00007fbbf8c00000, 0x00007fbc315d0fd0, 0x00007fbc315d1000, 0x00007fbc571b2000)
 Metaspace       used 69747K, capacity 70295K, committed 70400K, reserved 71680K
}
Event: 45.626 GC heap before
{Heap before GC invocations=70 (full 11):
 def new generation   total 695744K, used 618496K [0x00007fb838c00000, 0x00007fb867ee0000, 0x00007fbbf8c00000)
  eden space 618496K, 100% used [0x00007fb838c00000, 0x00007fb85e800000, 0x00007fb85e800000)
  from space 77248K,   0% used [0x00007fb85e800000, 0x00007fb85e800000, 0x00007fb863370000)
  to   space 77248K,   0% used [0x00007fb863370000, 0x00007fb863370000, 0x00007fb867ee0000)
 tenured generation   total 1545928K, used 927555K [0x00007fbbf8c00000, 0x00007fbc571b2000, 0x00007fc378c00000)
   the space 1545928K,  59% used [0x00007fbbf8c00000, 0x00007fbc315d0fd0, 0x00007fbc315d1000, 0x00007fbc571b2000)
 Metaspace       used 69748K, capacity 70295K, committed 70400K, reserved 71680K
Event: 46.917 GC heap after
Heap after GC invocations=71 (full 11):
 def new generation   total 695744K, used 77247K [0x00007fb838c00000, 0x00007fb867ee0000, 0x00007fbbf8c00000)
  eden space 618496K,   0% used [0x00007fb838c00000, 0x00007fb838c00000, 0x00007fb85e800000)
  from space 77248K,  99% used [0x00007fb863370000, 0x00007fb867edfff8, 0x00007fb867ee0000)
  to   space 77248K,   0% used [0x00007fb85e800000, 0x00007fb85e800000, 0x00007fb863370000)
 tenured generation   total 1545928K, used 1051456K [0x00007fbbf8c00000, 0x00007fbc571b2000, 0x00007fc378c00000)
   the space 1545928K,  68% used [0x00007fbbf8c00000, 0x00007fbc38ed0318, 0x00007fbc38ed0400, 0x00007fbc571b2000)
 Metaspace       used 69748K, capacity 70295K, committed 70400K, reserved 71680K
}
Event: 47.905 GC heap before
{Heap before GC invocations=71 (full 11):
 def new generation   total 695744K, used 695743K [0x00007fb838c00000, 0x00007fb867ee0000, 0x00007fbbf8c00000)
  eden space 618496K, 100% used [0x00007fb838c00000, 0x00007fb85e800000, 0x00007fb85e800000)
  from space 77248K,  99% used [0x00007fb863370000, 0x00007fb867edfff8, 0x00007fb867ee0000)
  to   space 77248K,   0% used [0x00007fb85e800000, 0x00007fb85e800000, 0x00007fb863370000)
 tenured generation   total 1545928K, used 1051456K [0x00007fbbf8c00000, 0x00007fbc571b2000, 0x00007fc378c00000)
   the space 1545928K,  68% used [0x00007fbbf8c00000, 0x00007fbc38ed0318, 0x00007fbc38ed0400, 0x00007fbc571b2000)
 Metaspace       used 69775K, capacity 70295K, committed 70400K, reserved 71680K
Event: 59.988 GC heap after
Heap after GC invocations=72 (full 11):
 def new generation   total 695744K, used 77248K [0x00007fb838c00000, 0x00007fb867ee0000, 0x00007fbbf8c00000)
  eden space 618496K,   0% used [0x00007fb838c00000, 0x00007fb838c00000, 0x00007fb85e800000)
  from space 77248K, 100% used [0x00007fb85e800000, 0x00007fb863370000, 0x00007fb863370000)
  to   space 77248K,   0% used [0x00007fb863370000, 0x00007fb863370000, 0x00007fb867ee0000)
 tenured generation   total 1545928K, used 1353614K [0x00007fbbf8c00000, 0x00007fbc571b2000, 0x00007fc378c00000)
   the space 1545928K,  87% used [0x00007fbbf8c00000, 0x00007fbc4b5e38f0, 0x00007fbc4b5e3a00, 0x00007fbc571b2000)
 Metaspace       used 69775K, capacity 70295K, committed 70400K, reserved 71680K
}
Event: 61.735 GC heap before
{Heap before GC invocations=72 (full 11):
 def new generation   total 695744K, used 695744K [0x00007fb838c00000, 0x00007fb867ee0000, 0x00007fbbf8c00000)
  eden space 618496K, 100% used [0x00007fb838c00000, 0x00007fb85e800000, 0x00007fb85e800000)
  from space 77248K, 100% used [0x00007fb85e800000, 0x00007fb863370000, 0x00007fb863370000)
  to   space 77248K,   0% used [0x00007fb863370000, 0x00007fb863370000, 0x00007fb867ee0000)
 tenured generation   total 1545928K, used 1353614K [0x00007fbbf8c00000, 0x00007fbc571b2000, 0x00007fc378c00000)
   the space 1545928K,  87% used [0x00007fbbf8c00000, 0x00007fbc4b5e38f0, 0x00007fbc4b5e3a00, 0x00007fbc571b2000)
 Metaspace       used 69794K, capacity 70359K, committed 70400K, reserved 71680K

